09-05-2020 22:52:30.050 [main] INFO  it.sevenbits.taskmanager.Application - Starting Application v1.0-SNAPSHOT on CherrySix with PID 24452 (/vault/Projects/Seven Bits/back-end-project/target/taskmanager-1.0-SNAPSHOT.jar started by arcades in /vault/Projects/Seven Bits/back-end-project) 
09-05-2020 22:52:30.056 [main] DEBUG it.sevenbits.taskmanager.Application - Running with Spring Boot v2.1.2.RELEASE, Spring v5.1.4.RELEASE 
09-05-2020 22:52:30.056 [main] INFO  it.sevenbits.taskmanager.Application - The following profiles are active: console-and-file-logging 
09-05-2020 22:52:33.387 [main] INFO  o.s.b.w.e.tomcat.TomcatWebServer - Tomcat initialized with port(s): 8080 (http) 
09-05-2020 22:52:33.435 [main] INFO  o.a.catalina.core.StandardService - Starting service [Tomcat] 
09-05-2020 22:52:33.436 [main] INFO  o.a.catalina.core.StandardEngine - Starting Servlet engine: [Apache Tomcat/9.0.14] 
09-05-2020 22:52:33.454 [main] INFO  o.a.c.core.AprLifecycleListener - The APR based Apache Tomcat Native library which allows optimal performance in production environments was not found on the java.library.path: [/usr/java/packages/lib:/usr/lib/x86_64-linux-gnu/jni:/lib/x86_64-linux-gnu:/usr/lib/x86_64-linux-gnu:/usr/lib/jni:/lib:/usr/lib] 
09-05-2020 22:52:33.602 [main] INFO  o.a.c.c.C.[Tomcat].[localhost].[/] - Initializing Spring embedded WebApplicationContext 
09-05-2020 22:52:33.602 [main] INFO  o.s.web.context.ContextLoader - Root WebApplicationContext: initialization completed in 3433 ms 
09-05-2020 22:52:33.999 [main] INFO  o.f.c.i.license.VersionPrinter - Flyway Community Edition 5.2.4 by Boxfuse 
09-05-2020 22:52:34.017 [main] INFO  com.zaxxer.hikari.HikariDataSource - HikariPool-1 - Starting... 
09-05-2020 22:52:34.561 [main] INFO  com.zaxxer.hikari.HikariDataSource - HikariPool-1 - Start completed. 
09-05-2020 22:52:34.570 [main] INFO  o.f.c.i.database.DatabaseFactory - Database: jdbc:postgresql://localhost/taskmanagertasks (PostgreSQL 10.12) 
09-05-2020 22:52:34.685 [main] INFO  o.f.core.internal.command.DbValidate - Successfully validated 6 migrations (execution time 00:00.060s) 
09-05-2020 22:52:34.712 [main] INFO  o.f.core.internal.command.DbMigrate - Current version of schema "public": 1.6 
09-05-2020 22:52:34.714 [main] INFO  o.f.core.internal.command.DbMigrate - Schema "public" is up to date. No migration necessary. 
09-05-2020 22:52:35.410 [main] INFO  o.s.s.web.DefaultSecurityFilterChain - Creating filter chain: any request, [org.springframework.security.web.context.request.async.WebAsyncManagerIntegrationFilter@66d57c1b, org.springframework.security.web.context.SecurityContextPersistenceFilter@435ce306, org.springframework.security.web.header.HeaderWriterFilter@7de4a01f, org.springframework.security.web.servletapi.SecurityContextHolderAwareRequestFilter@6f815e7f, org.springframework.security.web.authentication.AnonymousAuthenticationFilter@27494e46, org.springframework.security.web.access.ExceptionTranslationFilter@1a78dacd, it.sevenbits.taskmanager.web.security.HeaderJwtAuthFilter@d59970a, org.springframework.security.web.access.intercept.FilterSecurityInterceptor@534243e4] 
09-05-2020 22:52:35.791 [main] INFO  o.s.s.c.ThreadPoolTaskExecutor - Initializing ExecutorService 'applicationTaskExecutor' 
09-05-2020 22:52:36.470 [main] INFO  o.s.b.w.e.tomcat.TomcatWebServer - Tomcat started on port(s): 8080 (http) with context path '' 
09-05-2020 22:52:36.480 [main] INFO  it.sevenbits.taskmanager.Application - Started Application in 8.21 seconds (JVM running for 8.779) 
09-05-2020 22:53:06.338 [Thread-3] INFO  o.s.s.c.ThreadPoolTaskExecutor - Shutting down ExecutorService 'applicationTaskExecutor' 
09-05-2020 22:53:06.346 [Thread-3] INFO  com.zaxxer.hikari.HikariDataSource - HikariPool-1 - Shutdown initiated... 
09-05-2020 22:53:06.390 [Thread-3] INFO  com.zaxxer.hikari.HikariDataSource - HikariPool-1 - Shutdown completed. 
09-05-2020 22:53:09.120 [main] INFO  it.sevenbits.taskmanager.Application - Starting Application v1.0-SNAPSHOT on CherrySix with PID 24615 (/vault/Projects/Seven Bits/back-end-project/target/taskmanager-1.0-SNAPSHOT.jar started by arcades in /vault/Projects/Seven Bits/back-end-project) 
09-05-2020 22:53:09.124 [main] DEBUG it.sevenbits.taskmanager.Application - Running with Spring Boot v2.1.2.RELEASE, Spring v5.1.4.RELEASE 
09-05-2020 22:53:09.125 [main] INFO  it.sevenbits.taskmanager.Application - The following profiles are active: console-and-file-logging 
09-05-2020 22:53:11.744 [main] INFO  o.s.b.w.e.tomcat.TomcatWebServer - Tomcat initialized with port(s): 8080 (http) 
09-05-2020 22:53:11.795 [main] INFO  o.a.catalina.core.StandardService - Starting service [Tomcat] 
09-05-2020 22:53:11.796 [main] INFO  o.a.catalina.core.StandardEngine - Starting Servlet engine: [Apache Tomcat/9.0.14] 
09-05-2020 22:53:11.810 [main] INFO  o.a.c.core.AprLifecycleListener - The APR based Apache Tomcat Native library which allows optimal performance in production environments was not found on the java.library.path: [/usr/java/packages/lib:/usr/lib/x86_64-linux-gnu/jni:/lib/x86_64-linux-gnu:/usr/lib/x86_64-linux-gnu:/usr/lib/jni:/lib:/usr/lib] 
09-05-2020 22:53:11.896 [main] INFO  o.a.c.c.C.[Tomcat].[localhost].[/] - Initializing Spring embedded WebApplicationContext 
09-05-2020 22:53:11.896 [main] INFO  o.s.web.context.ContextLoader - Root WebApplicationContext: initialization completed in 2650 ms 
09-05-2020 22:53:12.112 [main] INFO  o.f.c.i.license.VersionPrinter - Flyway Community Edition 5.2.4 by Boxfuse 
09-05-2020 22:53:12.126 [main] INFO  com.zaxxer.hikari.HikariDataSource - HikariPool-1 - Starting... 
09-05-2020 22:53:12.577 [main] INFO  com.zaxxer.hikari.HikariDataSource - HikariPool-1 - Start completed. 
09-05-2020 22:53:12.585 [main] INFO  o.f.c.i.database.DatabaseFactory - Database: jdbc:postgresql://localhost/taskmanagertasks (PostgreSQL 10.12) 
09-05-2020 22:53:12.691 [main] INFO  o.f.core.internal.command.DbValidate - Successfully validated 6 migrations (execution time 00:00.055s) 
09-05-2020 22:53:12.722 [main] INFO  o.f.core.internal.command.DbMigrate - Current version of schema "public": 1.6 
09-05-2020 22:53:12.727 [main] INFO  o.f.core.internal.command.DbMigrate - Schema "public" is up to date. No migration necessary. 
09-05-2020 22:53:13.276 [main] INFO  o.s.s.web.DefaultSecurityFilterChain - Creating filter chain: any request, [org.springframework.security.web.context.request.async.WebAsyncManagerIntegrationFilter@66eb985d, org.springframework.security.web.context.SecurityContextPersistenceFilter@7daa61f3, org.springframework.security.web.header.HeaderWriterFilter@4b61d0c6, org.springframework.security.web.servletapi.SecurityContextHolderAwareRequestFilter@78f9ed3e, org.springframework.security.web.authentication.AnonymousAuthenticationFilter@6a9287b1, org.springframework.security.web.access.ExceptionTranslationFilter@537b32ef, it.sevenbits.taskmanager.web.security.HeaderJwtAuthFilter@75504cef, org.springframework.security.web.access.intercept.FilterSecurityInterceptor@36074e47] 
09-05-2020 22:53:13.535 [main] INFO  o.s.s.c.ThreadPoolTaskExecutor - Initializing ExecutorService 'applicationTaskExecutor' 
09-05-2020 22:53:13.973 [main] INFO  o.s.b.w.e.tomcat.TomcatWebServer - Tomcat started on port(s): 8080 (http) with context path '' 
09-05-2020 22:53:13.980 [main] INFO  it.sevenbits.taskmanager.Application - Started Application in 6.174 seconds (JVM running for 6.718) 
09-05-2020 22:53:23.166 [Thread-3] INFO  o.s.s.c.ThreadPoolTaskExecutor - Shutting down ExecutorService 'applicationTaskExecutor' 
09-05-2020 22:53:23.171 [Thread-3] INFO  com.zaxxer.hikari.HikariDataSource - HikariPool-1 - Shutdown initiated... 
09-05-2020 22:53:23.211 [Thread-3] INFO  com.zaxxer.hikari.HikariDataSource - HikariPool-1 - Shutdown completed. 
